 
****************************************
Report : area
Design : CONV
Version: H-2013.03-SP5
Date   : Sun Sep  6 15:15:00 2020
****************************************

Library(s) Used:

    slow (File: /usr/cad/CBDK_IC_Contest_v2.1/SynopsysDC/db/slow.db)

Number of ports:                          105
Number of nets:                          1213
Number of cells:                          919
Number of combinational cells:            768
Number of sequential cells:               146
Number of macros/black boxes:               0
Number of buf/inv:                        219
Number of references:                     100

Combinational area:              24461.231323
Buf/Inv area:                     3231.849576
Noncombinational area:            4898.696289
Macro/Black Box area:                0.000000
Net Interconnect area:          268988.016418

Total cell area:                 29359.927612
Total area:                     298347.944031
1
