 
****************************************
Report : area
Design : IOTDF
Version: P-2019.03
Date   : Sun Mar  7 19:38:36 2021
****************************************

Library(s) Used:

    slow (File: /usr/cad/CBDK_IC_Contest_v2.1/SynopsysDC/db/slow.db)

Number of ports:                          539
Number of nets:                          2984
Number of cells:                         2476
Number of combinational cells:           2083
Number of sequential cells:               390
Number of macros/black boxes:               0
Number of buf/inv:                        302
Number of references:                      65

Combinational area:              18797.007441
Buf/Inv area:                     2995.911055
Noncombinational area:           12570.943977
Macro/Black Box area:                0.000000
Net Interconnect area:      undefined  (No wire load specified)

Total cell area:                 31367.951418
Total area:                 undefined
1
